<?xml version="1.0" encoding="UTF-8"?>
<!-- Generated by org.testng.reporters.JUnitXMLReporter -->
<testsuite ignored="0" hostname="SREEJU" failures="2" tests="4" name="datadriven" time="31.06" errors="0" timestamp="2025-09-12T16:09:58 IST">
  <testcase classname="testCases.Verify_loginDDT" name="loginCheck" time="5.969"/>
  <testcase classname="testCases.Verify_loginDDT" name="loginCheck" time="5.53">
    <failure type="java.lang.AssertionError" message="null">
      <![CDATA[java.lang.AssertionError: null
at testCases.Verify_loginDDT.loginCheck(Verify_loginDDT.java:63)
at java.base/java.util.ArrayList.forEach(ArrayList.java:1511)
... Removed 29 stack frames]]>
    </failure>
  </testcase> <!-- loginCheck -->
  <testcase classname="testCases.Verify_loginDDT" name="loginCheck" time="5.583">
    <failure type="java.lang.AssertionError" message="null">
      <![CDATA[java.lang.AssertionError: null
at testCases.Verify_loginDDT.loginCheck(Verify_loginDDT.java:63)
at java.base/java.util.ArrayList.forEach(ArrayList.java:1511)
... Removed 29 stack frames]]>
    </failure>
  </testcase> <!-- loginCheck -->
  <testcase classname="testCases.Verify_loginDDT" name="loginCheck" time="5.696"/>
</testsuite> <!-- datadriven -->
