<?xml version="1.0" encoding="UTF-8"?>
<testng-results ignored="0" total="1" passed="1" failed="0" skipped="0">
  <reporter-output>
  </reporter-output>
  <suite started-at="2025-09-18T13:30:25 IST" name="Suite1" finished-at="2025-09-18T13:30:37 IST" duration-ms="11962">
    <groups>
    </groups>
    <test started-at="2025-09-18T13:30:25 IST" name="Master" finished-at="2025-09-18T13:30:37 IST" duration-ms="11962">
      <class name="testCases.login.Verify_login">
        <test-method is-config="true" signature="setUp(java.lang.String,java.lang.String)[pri:0, instance:testCases.login.Verify_login@5a755cc1]" started-at="2025-09-18T13:30:25 IST" name="setUp" finished-at="2025-09-18T13:30:31 IST" duration-ms="5636" status="PASS">
          <params>
            <param index="0">
              <value>
                <![CDATA[chrome]]>
              </value>
            </param>
            <param index="1">
              <value>
                <![CDATA[windows]]>
              </value>
            </param>
          </params>
          <reporter-output>
          </reporter-output>
        </test-method> <!-- setUp -->
        <test-method signature="loginCheck()[pri:0, instance:testCases.login.Verify_login@5a755cc1]" started-at="2025-09-18T13:30:31 IST" name="loginCheck" finished-at="2025-09-18T13:30:36 IST" duration-ms="5649" status="PASS">
          <reporter-output>
          </reporter-output>
        </test-method> <!-- loginCheck -->
        <test-method is-config="true" signature="tearDown()[pri:0, instance:testCases.login.Verify_login@5a755cc1]" started-at="2025-09-18T13:30:36 IST" name="tearDown" finished-at="2025-09-18T13:30:37 IST" duration-ms="368" status="PASS">
          <reporter-output>
          </reporter-output>
        </test-method> <!-- tearDown -->
      </class> <!-- testCases.login.Verify_login -->
    </test> <!-- Master -->
  </suite> <!-- Suite1 -->
</testng-results>
