<?xml version="1.0" encoding="UTF-8"?>
<!-- Generated by org.testng.reporters.JUnitXMLReporter -->
<testsuite ignored="1" hostname="SREEJU" failures="4" tests="4" name="GroupsRun" time="0.115" errors="0" timestamp="2025-09-16T12:50:31 IST">
  <testcase classname="testCases.login.Verify_loginNegative" name="BlankCredential" time="0.009">
    <failure type="java.lang.NullPointerException" message="Cannot invoke &amp;quot;org.apache.logging.log4j.Logger.info(String)&amp;quot; because &amp;quot;this.logger&amp;quot; is null">
      <![CDATA[java.lang.NullPointerException: Cannot invoke "org.apache.logging.log4j.Logger.info(String)" because "this.logger" is null
at testCases.login.Verify_loginNegative.BlankCredential(Verify_loginNegative.java:31)
at java.base/java.util.ArrayList.forEach(ArrayList.java:1511)
... Removed 27 stack frames]]>
    </failure>
  </testcase> <!-- BlankCredential -->
  <testcase classname="testCases.login.Verify_loginNegative" name="BlankPassword" time="0.002">
    <failure type="java.lang.NullPointerException" message="Cannot invoke &amp;quot;org.apache.logging.log4j.Logger.info(String)&amp;quot; because &amp;quot;this.logger&amp;quot; is null">
      <![CDATA[java.lang.NullPointerException: Cannot invoke "org.apache.logging.log4j.Logger.info(String)" because "this.logger" is null
at testCases.login.Verify_loginNegative.BlankPassword(Verify_loginNegative.java:42)
at java.base/java.util.ArrayList.forEach(ArrayList.java:1511)
... Removed 27 stack frames]]>
    </failure>
  </testcase> <!-- BlankPassword -->
  <testcase classname="testCases.login.Verify_loginNegative" name="BlankUsername" time="0.003">
    <failure type="java.lang.NullPointerException" message="Cannot invoke &amp;quot;org.apache.logging.log4j.Logger.info(String)&amp;quot; because &amp;quot;this.logger&amp;quot; is null">
      <![CDATA[java.lang.NullPointerException: Cannot invoke "org.apache.logging.log4j.Logger.info(String)" because "this.logger" is null
at testCases.login.Verify_loginNegative.BlankUsername(Verify_loginNegative.java:53)
at java.base/java.util.ArrayList.forEach(ArrayList.java:1511)
... Removed 27 stack frames]]>
    </failure>
  </testcase> <!-- BlankUsername -->
  <testcase classname="testCases.login.Verify_loginNegative" name="WrongCredential" time="0.006">
    <failure type="java.lang.NullPointerException" message="Cannot invoke &amp;quot;org.apache.logging.log4j.Logger.info(String)&amp;quot; because &amp;quot;this.logger&amp;quot; is null">
      <![CDATA[java.lang.NullPointerException: Cannot invoke "org.apache.logging.log4j.Logger.info(String)" because "this.logger" is null
at testCases.login.Verify_loginNegative.WrongCredential(Verify_loginNegative.java:19)
at java.base/java.util.ArrayList.forEach(ArrayList.java:1511)
... Removed 27 stack frames]]>
    </failure>
  </testcase> <!-- WrongCredential -->
  <testcase classname="testCases.login.Verify_login" name="loginCheck" time="0.0">
    <ignored/>
  </testcase> <!-- loginCheck -->
</testsuite> <!-- GroupsRun -->
